/usr/bin/cmake -S/home/openharmony/SummerTTS -B/home/openharmony/SummerTTS/build --check-build-system CMakeFiles/Makefile.cmake 0
/usr/bin/cmake -E cmake_progress_start /home/openharmony/SummerTTS/build/CMakeFiles /home/openharmony/SummerTTS/build/CMakeFiles/progress.marks
make -f CMakeFiles/Makefile2 all
make[1]: Entering directory '/home/openharmony/SummerTTS/build'
make -f CMakeFiles/tts_test.dir/build.make CMakeFiles/tts_test.dir/depend
make[2]: Entering directory '/home/openharmony/SummerTTS/build'
cd /home/openharmony/SummerTTS/build && /usr/bin/cmake -E cmake_depends "Unix Makefiles" /home/openharmony/SummerTTS /home/openharmony/SummerTTS /home/openharmony/SummerTTS/build /home/openharmony/SummerTTS/build /home/openharmony/SummerTTS/build/CMakeFiles/tts_test.dir/DependInfo.cmake --color=
make[2]: Leaving directory '/home/openharmony/SummerTTS/build'
make -f CMakeFiles/tts_test.dir/build.make CMakeFiles/tts_test.dir/build
make[2]: Entering directory '/home/openharmony/SummerTTS/build'
[  1%] Building CXX object CMakeFiles/tts_test.dir/src/tn/gflags/src/gflags.cc.o
/home/openharmony/toolchain/riscv/bin/riscv64-unknown-linux-musl-g++ --sysroot=/home/openharmony/toolchain/riscv/sysroot   -I/home/openharmony/toolchain/riscv/sysroot/usr/include -I/home/openharmony/SummerTTS/./eigen-3.4.0 -I/home/openharmony/SummerTTS/./src/tn/header -I/home/openharmony/SummerTTS/./include -I/home/openharmony/SummerTTS/./src/header -I/home/oh_rv/third_party/libunwind/include  -O3 -std=c++11  -v   -o CMakeFiles/tts_test.dir/src/tn/gflags/src/gflags.cc.o -c /home/openharmony/SummerTTS/src/tn/gflags/src/gflags.cc
[  2%] Building CXX object CMakeFiles/tts_test.dir/src/tn/gflags/src/gflags_reporting.cc.o
/home/openharmony/toolchain/riscv/bin/riscv64-unknown-linux-musl-g++ --sysroot=/home/openharmony/toolchain/riscv/sysroot   -I/home/openharmony/toolchain/riscv/sysroot/usr/include -I/home/openharmony/SummerTTS/./eigen-3.4.0 -I/home/openharmony/SummerTTS/./src/tn/header -I/home/openharmony/SummerTTS/./include -I/home/openharmony/SummerTTS/./src/header -I/home/oh_rv/third_party/libunwind/include  -O3 -std=c++11  -v   -o CMakeFiles/tts_test.dir/src/tn/gflags/src/gflags_reporting.cc.o -c /home/openharmony/SummerTTS/src/tn/gflags/src/gflags_reporting.cc
[  4%] Building CXX object CMakeFiles/tts_test.dir/src/tn/gflags/src/gflags_completions.cc.o
/home/openharmony/toolchain/riscv/bin/riscv64-unknown-linux-musl-g++ --sysroot=/home/openharmony/toolchain/riscv/sysroot   -I/home/openharmony/toolchain/riscv/sysroot/usr/include -I/home/openharmony/SummerTTS/./eigen-3.4.0 -I/home/openharmony/SummerTTS/./src/tn/header -I/home/openharmony/SummerTTS/./include -I/home/openharmony/SummerTTS/./src/header -I/home/oh_rv/third_party/libunwind/include  -O3 -std=c++11  -v   -o CMakeFiles/tts_test.dir/src/tn/gflags/src/gflags_completions.cc.o -c /home/openharmony/SummerTTS/src/tn/gflags/src/gflags_completions.cc
[  5%] Building CXX object CMakeFiles/tts_test.dir/src/tn/openfst/src/lib/compat.cc.o
/home/openharmony/toolchain/riscv/bin/riscv64-unknown-linux-musl-g++ --sysroot=/home/openharmony/toolchain/riscv/sysroot   -I/home/openharmony/toolchain/riscv/sysroot/usr/include -I/home/openharmony/SummerTTS/./eigen-3.4.0 -I/home/openharmony/SummerTTS/./src/tn/header -I/home/openharmony/SummerTTS/./include -I/home/openharmony/SummerTTS/./src/header -I/home/oh_rv/third_party/libunwind/include  -O3 -std=c++11  -v   -o CMakeFiles/tts_test.dir/src/tn/openfst/src/lib/compat.cc.o -c /home/openharmony/SummerTTS/src/tn/openfst/src/lib/compat.cc
[  6%] Building CXX object CMakeFiles/tts_test.dir/src/tn/openfst/src/lib/flags.cc.o
/home/openharmony/toolchain/riscv/bin/riscv64-unknown-linux-musl-g++ --sysroot=/home/openharmony/toolchain/riscv/sysroot   -I/home/openharmony/toolchain/riscv/sysroot/usr/include -I/home/openharmony/SummerTTS/./eigen-3.4.0 -I/home/openharmony/SummerTTS/./src/tn/header -I/home/openharmony/SummerTTS/./include -I/home/openharmony/SummerTTS/./src/header -I/home/oh_rv/third_party/libunwind/include  -O3 -std=c++11  -v   -o CMakeFiles/tts_test.dir/src/tn/openfst/src/lib/flags.cc.o -c /home/openharmony/SummerTTS/src/tn/openfst/src/lib/flags.cc
[  8%] Building CXX object CMakeFiles/tts_test.dir/src/tn/openfst/src/lib/fst.cc.o
/home/openharmony/toolchain/riscv/bin/riscv64-unknown-linux-musl-g++ --sysroot=/home/openharmony/toolchain/riscv/sysroot   -I/home/openharmony/toolchain/riscv/sysroot/usr/include -I/home/openharmony/SummerTTS/./eigen-3.4.0 -I/home/openharmony/SummerTTS/./src/tn/header -I/home/openharmony/SummerTTS/./include -I/home/openharmony/SummerTTS/./src/header -I/home/oh_rv/third_party/libunwind/include  -O3 -std=c++11  -v   -o CMakeFiles/tts_test.dir/src/tn/openfst/src/lib/fst.cc.o -c /home/openharmony/SummerTTS/src/tn/openfst/src/lib/fst.cc
[  9%] Building CXX object CMakeFiles/tts_test.dir/src/tn/openfst/src/lib/fst-types.cc.o
/home/openharmony/toolchain/riscv/bin/riscv64-unknown-linux-musl-g++ --sysroot=/home/openharmony/toolchain/riscv/sysroot   -I/home/openharmony/toolchain/riscv/sysroot/usr/include -I/home/openharmony/SummerTTS/./eigen-3.4.0 -I/home/openharmony/SummerTTS/./src/tn/header -I/home/openharmony/SummerTTS/./include -I/home/openharmony/SummerTTS/./src/header -I/home/oh_rv/third_party/libunwind/include  -O3 -std=c++11  -v   -o CMakeFiles/tts_test.dir/src/tn/openfst/src/lib/fst-types.cc.o -c /home/openharmony/SummerTTS/src/tn/openfst/src/lib/fst-types.cc
[ 11%] Building CXX object CMakeFiles/tts_test.dir/src/tn/openfst/src/lib/mapped-file.cc.o
/home/openharmony/toolchain/riscv/bin/riscv64-unknown-linux-musl-g++ --sysroot=/home/openharmony/toolchain/riscv/sysroot   -I/home/openharmony/toolchain/riscv/sysroot/usr/include -I/home/openharmony/SummerTTS/./eigen-3.4.0 -I/home/openharmony/SummerTTS/./src/tn/header -I/home/openharmony/SummerTTS/./include -I/home/openharmony/SummerTTS/./src/header -I/home/oh_rv/third_party/libunwind/include  -O3 -std=c++11  -v   -o CMakeFiles/tts_test.dir/src/tn/openfst/src/lib/mapped-file.cc.o -c /home/openharmony/SummerTTS/src/tn/openfst/src/lib/mapped-file.cc
[ 12%] Building CXX object CMakeFiles/tts_test.dir/src/tn/openfst/src/lib/properties.cc.o
/home/openharmony/toolchain/riscv/bin/riscv64-unknown-linux-musl-g++ --sysroot=/home/openharmony/toolchain/riscv/sysroot   -I/home/openharmony/toolchain/riscv/sysroot/usr/include -I/home/openharmony/SummerTTS/./eigen-3.4.0 -I/home/openharmony/SummerTTS/./src/tn/header -I/home/openharmony/SummerTTS/./include -I/home/openharmony/SummerTTS/./src/header -I/home/oh_rv/third_party/libunwind/include  -O3 -std=c++11  -v   -o CMakeFiles/tts_test.dir/src/tn/openfst/src/lib/properties.cc.o -c /home/openharmony/SummerTTS/src/tn/openfst/src/lib/properties.cc
[ 13%] Building CXX object CMakeFiles/tts_test.dir/src/tn/openfst/src/lib/symbol-table.cc.o
/home/openharmony/toolchain/riscv/bin/riscv64-unknown-linux-musl-g++ --sysroot=/home/openharmony/toolchain/riscv/sysroot   -I/home/openharmony/toolchain/riscv/sysroot/usr/include -I/home/openharmony/SummerTTS/./eigen-3.4.0 -I/home/openharmony/SummerTTS/./src/tn/header -I/home/openharmony/SummerTTS/./include -I/home/openharmony/SummerTTS/./src/header -I/home/oh_rv/third_party/libunwind/include  -O3 -std=c++11  -v   -o CMakeFiles/tts_test.dir/src/tn/openfst/src/lib/symbol-table.cc.o -c /home/openharmony/SummerTTS/src/tn/openfst/src/lib/symbol-table.cc
[ 15%] Building CXX object CMakeFiles/tts_test.dir/src/tn/openfst/src/lib/symbol-table-ops.cc.o
/home/openharmony/toolchain/riscv/bin/riscv64-unknown-linux-musl-g++ --sysroot=/home/openharmony/toolchain/riscv/sysroot   -I/home/openharmony/toolchain/riscv/sysroot/usr/include -I/home/openharmony/SummerTTS/./eigen-3.4.0 -I/home/openharmony/SummerTTS/./src/tn/header -I/home/openharmony/SummerTTS/./include -I/home/openharmony/SummerTTS/./src/header -I/home/oh_rv/third_party/libunwind/include  -O3 -std=c++11  -v   -o CMakeFiles/tts_test.dir/src/tn/openfst/src/lib/symbol-table-ops.cc.o -c /home/openharmony/SummerTTS/src/tn/openfst/src/lib/symbol-table-ops.cc
[ 16%] Building CXX object CMakeFiles/tts_test.dir/src/tn/openfst/src/lib/util.cc.o
/home/openharmony/toolchain/riscv/bin/riscv64-unknown-linux-musl-g++ --sysroot=/home/openharmony/toolchain/riscv/sysroot   -I/home/openharmony/toolchain/riscv/sysroot/usr/include -I/home/openharmony/SummerTTS/./eigen-3.4.0 -I/home/openharmony/SummerTTS/./src/tn/header -I/home/openharmony/SummerTTS/./include -I/home/openharmony/SummerTTS/./src/header -I/home/oh_rv/third_party/libunwind/include  -O3 -std=c++11  -v   -o CMakeFiles/tts_test.dir/src/tn/openfst/src/lib/util.cc.o -c /home/openharmony/SummerTTS/src/tn/openfst/src/lib/util.cc
[ 18%] Building CXX object CMakeFiles/tts_test.dir/src/tn/openfst/src/lib/weight.cc.o
/home/openharmony/toolchain/riscv/bin/riscv64-unknown-linux-musl-g++ --sysroot=/home/openharmony/toolchain/riscv/sysroot   -I/home/openharmony/toolchain/riscv/sysroot/usr/include -I/home/openharmony/SummerTTS/./eigen-3.4.0 -I/home/openharmony/SummerTTS/./src/tn/header -I/home/openharmony/SummerTTS/./include -I/home/openharmony/SummerTTS/./src/header -I/home/oh_rv/third_party/libunwind/include  -O3 -std=c++11  -v   -o CMakeFiles/tts_test.dir/src/tn/openfst/src/lib/weight.cc.o -c /home/openharmony/SummerTTS/src/tn/openfst/src/lib/weight.cc
[ 19%] Building CXX object CMakeFiles/tts_test.dir/src/tn/processor.cc.o
/home/openharmony/toolchain/riscv/bin/riscv64-unknown-linux-musl-g++ --sysroot=/home/openharmony/toolchain/riscv/sysroot   -I/home/openharmony/toolchain/riscv/sysroot/usr/include -I/home/openharmony/SummerTTS/./eigen-3.4.0 -I/home/openharmony/SummerTTS/./src/tn/header -I/home/openharmony/SummerTTS/./include -I/home/openharmony/SummerTTS/./src/header -I/home/oh_rv/third_party/libunwind/include  -O3 -std=c++11  -v   -o CMakeFiles/tts_test.dir/src/tn/processor.cc.o -c /home/openharmony/SummerTTS/src/tn/processor.cc
[ 20%] Building CXX object CMakeFiles/tts_test.dir/src/tn/token_parser.cc.o
/home/openharmony/toolchain/riscv/bin/riscv64-unknown-linux-musl-g++ --sysroot=/home/openharmony/toolchain/riscv/sysroot   -I/home/openharmony/toolchain/riscv/sysroot/usr/include -I/home/openharmony/SummerTTS/./eigen-3.4.0 -I/home/openharmony/SummerTTS/./src/tn/header -I/home/openharmony/SummerTTS/./include -I/home/openharmony/SummerTTS/./src/header -I/home/oh_rv/third_party/libunwind/include  -O3 -std=c++11  -v   -o CMakeFiles/tts_test.dir/src/tn/token_parser.cc.o -c /home/openharmony/SummerTTS/src/tn/token_parser.cc
[ 22%] Building CXX object CMakeFiles/tts_test.dir/src/tn/utf8_string.cc.o
/home/openharmony/toolchain/riscv/bin/riscv64-unknown-linux-musl-g++ --sysroot=/home/openharmony/toolchain/riscv/sysroot   -I/home/openharmony/toolchain/riscv/sysroot/usr/include -I/home/openharmony/SummerTTS/./eigen-3.4.0 -I/home/openharmony/SummerTTS/./src/tn/header -I/home/openharmony/SummerTTS/./include -I/home/openharmony/SummerTTS/./src/header -I/home/oh_rv/third_party/libunwind/include  -O3 -std=c++11  -v   -o CMakeFiles/tts_test.dir/src/tn/utf8_string.cc.o -c /home/openharmony/SummerTTS/src/tn/utf8_string.cc
[ 23%] Building CXX object CMakeFiles/tts_test.dir/src/engipa/EnglishText2Id.cpp.o
/home/openharmony/toolchain/riscv/bin/riscv64-unknown-linux-musl-g++ --sysroot=/home/openharmony/toolchain/riscv/sysroot   -I/home/openharmony/toolchain/riscv/sysroot/usr/include -I/home/openharmony/SummerTTS/./eigen-3.4.0 -I/home/openharmony/SummerTTS/./src/tn/header -I/home/openharmony/SummerTTS/./include -I/home/openharmony/SummerTTS/./src/header -I/home/oh_rv/third_party/libunwind/include  -O3 -std=c++11  -v   -o CMakeFiles/tts_test.dir/src/engipa/EnglishText2Id.cpp.o -c /home/openharmony/SummerTTS/src/engipa/EnglishText2Id.cpp
[ 25%] Building CXX object CMakeFiles/tts_test.dir/src/engipa/InitIPASymbols.cpp.o
/home/openharmony/toolchain/riscv/bin/riscv64-unknown-linux-musl-g++ --sysroot=/home/openharmony/toolchain/riscv/sysroot   -I/home/openharmony/toolchain/riscv/sysroot/usr/include -I/home/openharmony/SummerTTS/./eigen-3.4.0 -I/home/openharmony/SummerTTS/./src/tn/header -I/home/openharmony/SummerTTS/./include -I/home/openharmony/SummerTTS/./src/header -I/home/oh_rv/third_party/libunwind/include  -O3 -std=c++11  -v   -o CMakeFiles/tts_test.dir/src/engipa/InitIPASymbols.cpp.o -c /home/openharmony/SummerTTS/src/engipa/InitIPASymbols.cpp
[ 26%] Building CXX object CMakeFiles/tts_test.dir/src/engipa/alphabet.cpp.o
/home/openharmony/toolchain/riscv/bin/riscv64-unknown-linux-musl-g++ --sysroot=/home/openharmony/toolchain/riscv/sysroot   -I/home/openharmony/toolchain/riscv/sysroot/usr/include -I/home/openharmony/SummerTTS/./eigen-3.4.0 -I/home/openharmony/SummerTTS/./src/tn/header -I/home/openharmony/SummerTTS/./include -I/home/openharmony/SummerTTS/./src/header -I/home/oh_rv/third_party/libunwind/include  -O3 -std=c++11  -v   -o CMakeFiles/tts_test.dir/src/engipa/alphabet.cpp.o -c /home/openharmony/SummerTTS/src/engipa/alphabet.cpp
[ 27%] Building CXX object CMakeFiles/tts_test.dir/src/engipa/ipa.cpp.o
/home/openharmony/toolchain/riscv/bin/riscv64-unknown-linux-musl-g++ --sysroot=/home/openharmony/toolchain/riscv/sysroot   -I/home/openharmony/toolchain/riscv/sysroot/usr/include -I/home/openharmony/SummerTTS/./eigen-3.4.0 -I/home/openharmony/SummerTTS/./src/tn/header -I/home/openharmony/SummerTTS/./include -I/home/openharmony/SummerTTS/./src/header -I/home/oh_rv/third_party/libunwind/include  -O3 -std=c++11  -v   -o CMakeFiles/tts_test.dir/src/engipa/ipa.cpp.o -c /home/openharmony/SummerTTS/src/engipa/ipa.cpp
[ 29%] Building CXX object CMakeFiles/tts_test.dir/src/hz2py/hanzi2phoneid.cpp.o
/home/openharmony/toolchain/riscv/bin/riscv64-unknown-linux-musl-g++ --sysroot=/home/openharmony/toolchain/riscv/sysroot   -I/home/openharmony/toolchain/riscv/sysroot/usr/include -I/home/openharmony/SummerTTS/./eigen-3.4.0 -I/home/openharmony/SummerTTS/./src/tn/header -I/home/openharmony/SummerTTS/./include -I/home/openharmony/SummerTTS/./src/header -I/home/oh_rv/third_party/libunwind/include  -O3 -std=c++11  -v   -o CMakeFiles/tts_test.dir/src/hz2py/hanzi2phoneid.cpp.o -c /home/openharmony/SummerTTS/src/hz2py/hanzi2phoneid.cpp
[ 30%] Building CXX object CMakeFiles/tts_test.dir/src/hz2py/Hanz2Piny.cpp.o
/home/openharmony/toolchain/riscv/bin/riscv64-unknown-linux-musl-g++ --sysroot=/home/openharmony/toolchain/riscv/sysroot   -I/home/openharmony/toolchain/riscv/sysroot/usr/include -I/home/openharmony/SummerTTS/./eigen-3.4.0 -I/home/openharmony/SummerTTS/./src/tn/header -I/home/openharmony/SummerTTS/./include -I/home/openharmony/SummerTTS/./src/header -I/home/oh_rv/third_party/libunwind/include  -O3 -std=c++11  -v   -o CMakeFiles/tts_test.dir/src/hz2py/Hanz2Piny.cpp.o -c /home/openharmony/SummerTTS/src/hz2py/Hanz2Piny.cpp
[ 31%] Building CXX object CMakeFiles/tts_test.dir/src/hz2py/pinyinmap.cpp.o
/home/openharmony/toolchain/riscv/bin/riscv64-unknown-linux-musl-g++ --sysroot=/home/openharmony/toolchain/riscv/sysroot   -I/home/openharmony/toolchain/riscv/sysroot/usr/include -I/home/openharmony/SummerTTS/./eigen-3.4.0 -I/home/openharmony/SummerTTS/./src/tn/header -I/home/openharmony/SummerTTS/./include -I/home/openharmony/SummerTTS/./src/header -I/home/oh_rv/third_party/libunwind/include  -O3 -std=c++11  -v   -o CMakeFiles/tts_test.dir/src/hz2py/pinyinmap.cpp.o -c /home/openharmony/SummerTTS/src/hz2py/pinyinmap.cpp
[ 33%] Building CXX object CMakeFiles/tts_test.dir/src/nn_op/nn_conv1d.cpp.o
/home/openharmony/toolchain/riscv/bin/riscv64-unknown-linux-musl-g++ --sysroot=/home/openharmony/toolchain/riscv/sysroot   -I/home/openharmony/toolchain/riscv/sysroot/usr/include -I/home/openharmony/SummerTTS/./eigen-3.4.0 -I/home/openharmony/SummerTTS/./src/tn/header -I/home/openharmony/SummerTTS/./include -I/home/openharmony/SummerTTS/./src/header -I/home/oh_rv/third_party/libunwind/include  -O3 -std=c++11  -v   -o CMakeFiles/tts_test.dir/src/nn_op/nn_conv1d.cpp.o -c /home/openharmony/SummerTTS/src/nn_op/nn_conv1d.cpp
[ 34%] Building CXX object CMakeFiles/tts_test.dir/src/nn_op/nn_softmax.cpp.o
/home/openharmony/toolchain/riscv/bin/riscv64-unknown-linux-musl-g++ --sysroot=/home/openharmony/toolchain/riscv/sysroot   -I/home/openharmony/toolchain/riscv/sysroot/usr/include -I/home/openharmony/SummerTTS/./eigen-3.4.0 -I/home/openharmony/SummerTTS/./src/tn/header -I/home/openharmony/SummerTTS/./include -I/home/openharmony/SummerTTS/./src/header -I/home/oh_rv/third_party/libunwind/include  -O3 -std=c++11  -v   -o CMakeFiles/tts_test.dir/src/nn_op/nn_softmax.cpp.o -c /home/openharmony/SummerTTS/src/nn_op/nn_softmax.cpp
[ 36%] Building CXX object CMakeFiles/tts_test.dir/src/nn_op/nn_layer_norm.cpp.o
/home/openharmony/toolchain/riscv/bin/riscv64-unknown-linux-musl-g++ --sysroot=/home/openharmony/toolchain/riscv/sysroot   -I/home/openharmony/toolchain/riscv/sysroot/usr/include -I/home/openharmony/SummerTTS/./eigen-3.4.0 -I/home/openharmony/SummerTTS/./src/tn/header -I/home/openharmony/SummerTTS/./include -I/home/openharmony/SummerTTS/./src/header -I/home/oh_rv/third_party/libunwind/include  -O3 -std=c++11  -v   -o CMakeFiles/tts_test.dir/src/nn_op/nn_layer_norm.cpp.o -c /home/openharmony/SummerTTS/src/nn_op/nn_layer_norm.cpp
[ 37%] Building CXX object CMakeFiles/tts_test.dir/src/nn_op/nn_relu.cpp.o
/home/openharmony/toolchain/riscv/bin/riscv64-unknown-linux-musl-g++ --sysroot=/home/openharmony/toolchain/riscv/sysroot   -I/home/openharmony/toolchain/riscv/sysroot/usr/include -I/home/openharmony/SummerTTS/./eigen-3.4.0 -I/home/openharmony/SummerTTS/./src/tn/header -I/home/openharmony/SummerTTS/./include -I/home/openharmony/SummerTTS/./src/header -I/home/oh_rv/third_party/libunwind/include  -O3 -std=c++11  -v   -o CMakeFiles/tts_test.dir/src/nn_op/nn_relu.cpp.o -c /home/openharmony/SummerTTS/src/nn_op/nn_relu.cpp
[ 38%] Building CXX object CMakeFiles/tts_test.dir/src/nn_op/nn_gelu.cpp.o
/home/openharmony/toolchain/riscv/bin/riscv64-unknown-linux-musl-g++ --sysroot=/home/openharmony/toolchain/riscv/sysroot   -I/home/openharmony/toolchain/riscv/sysroot/usr/include -I/home/openharmony/SummerTTS/./eigen-3.4.0 -I/home/openharmony/SummerTTS/./src/tn/header -I/home/openharmony/SummerTTS/./include -I/home/openharmony/SummerTTS/./src/header -I/home/oh_rv/third_party/libunwind/include  -O3 -std=c++11  -v   -o CMakeFiles/tts_test.dir/src/nn_op/nn_gelu.cpp.o -c /home/openharmony/SummerTTS/src/nn_op/nn_gelu.cpp
[ 40%] Building CXX object CMakeFiles/tts_test.dir/src/nn_op/nn_tanh.cpp.o
/home/openharmony/toolchain/riscv/bin/riscv64-unknown-linux-musl-g++ --sysroot=/home/openharmony/toolchain/riscv/sysroot   -I/home/openharmony/toolchain/riscv/sysroot/usr/include -I/home/openharmony/SummerTTS/./eigen-3.4.0 -I/home/openharmony/SummerTTS/./src/tn/header -I/home/openharmony/SummerTTS/./include -I/home/openharmony/SummerTTS/./src/header -I/home/oh_rv/third_party/libunwind/include  -O3 -std=c++11  -v   -o CMakeFiles/tts_test.dir/src/nn_op/nn_tanh.cpp.o -c /home/openharmony/SummerTTS/src/nn_op/nn_tanh.cpp
[ 41%] Building CXX object CMakeFiles/tts_test.dir/src/nn_op/nn_flip.cpp.o
/home/openharmony/toolchain/riscv/bin/riscv64-unknown-linux-musl-g++ --sysroot=/home/openharmony/toolchain/riscv/sysroot   -I/home/openharmony/toolchain/riscv/sysroot/usr/include -I/home/openharmony/SummerTTS/./eigen-3.4.0 -I/home/openharmony/SummerTTS/./src/tn/header -I/home/openharmony/SummerTTS/./include -I/home/openharmony/SummerTTS/./src/header -I/home/oh_rv/third_party/libunwind/include  -O3 -std=c++11  -v   -o CMakeFiles/tts_test.dir/src/nn_op/nn_flip.cpp.o -c /home/openharmony/SummerTTS/src/nn_op/nn_flip.cpp
[ 43%] Building CXX object CMakeFiles/tts_test.dir/src/nn_op/nn_cumsum.cpp.o
/home/openharmony/toolchain/riscv/bin/riscv64-unknown-linux-musl-g++ --sysroot=/home/openharmony/toolchain/riscv/sysroot   -I/home/openharmony/toolchain/riscv/sysroot/usr/include -I/home/openharmony/SummerTTS/./eigen-3.4.0 -I/home/openharmony/SummerTTS/./src/tn/header -I/home/openharmony/SummerTTS/./include -I/home/openharmony/SummerTTS/./src/header -I/home/oh_rv/third_party/libunwind/include  -O3 -std=c++11  -v   -o CMakeFiles/tts_test.dir/src/nn_op/nn_cumsum.cpp.o -c /home/openharmony/SummerTTS/src/nn_op/nn_cumsum.cpp
[ 44%] Building CXX object CMakeFiles/tts_test.dir/src/nn_op/nn_softplus.cpp.o
/home/openharmony/toolchain/riscv/bin/riscv64-unknown-linux-musl-g++ --sysroot=/home/openharmony/toolchain/riscv/sysroot   -I/home/openharmony/toolchain/riscv/sysroot/usr/include -I/home/openharmony/SummerTTS/./eigen-3.4.0 -I/home/openharmony/SummerTTS/./src/tn/header -I/home/openharmony/SummerTTS/./include -I/home/openharmony/SummerTTS/./src/header -I/home/oh_rv/third_party/libunwind/include  -O3 -std=c++11  -v   -o CMakeFiles/tts_test.dir/src/nn_op/nn_softplus.cpp.o -c /home/openharmony/SummerTTS/src/nn_op/nn_softplus.cpp
[ 45%] Building CXX object CMakeFiles/tts_test.dir/src/nn_op/nn_clamp_min.cpp.o
/home/openharmony/toolchain/riscv/bin/riscv64-unknown-linux-musl-g++ --sysroot=/home/openharmony/toolchain/riscv/sysroot   -I/home/openharmony/toolchain/riscv/sysroot/usr/include -I/home/openharmony/SummerTTS/./eigen-3.4.0 -I/home/openharmony/SummerTTS/./src/tn/header -I/home/openharmony/SummerTTS/./include -I/home/openharmony/SummerTTS/./src/header -I/home/oh_rv/third_party/libunwind/include  -O3 -std=c++11  -v   -o CMakeFiles/tts_test.dir/src/nn_op/nn_clamp_min.cpp.o -c /home/openharmony/SummerTTS/src/nn_op/nn_clamp_min.cpp
[ 47%] Building CXX object CMakeFiles/tts_test.dir/src/nn_op/nn_sigmoid.cpp.o
/home/openharmony/toolchain/riscv/bin/riscv64-unknown-linux-musl-g++ --sysroot=/home/openharmony/toolchain/riscv/sysroot   -I/home/openharmony/toolchain/riscv/sysroot/usr/include -I/home/openharmony/SummerTTS/./eigen-3.4.0 -I/home/openharmony/SummerTTS/./src/tn/header -I/home/openharmony/SummerTTS/./include -I/home/openharmony/SummerTTS/./src/header -I/home/oh_rv/third_party/libunwind/include  -O3 -std=c++11  -v   -o CMakeFiles/tts_test.dir/src/nn_op/nn_sigmoid.cpp.o -c /home/openharmony/SummerTTS/src/nn_op/nn_sigmoid.cpp
[ 48%] Building CXX object CMakeFiles/tts_test.dir/src/nn_op/nn_conv1d_transposed.cpp.o
/home/openharmony/toolchain/riscv/bin/riscv64-unknown-linux-musl-g++ --sysroot=/home/openharmony/toolchain/riscv/sysroot   -I/home/openharmony/toolchain/riscv/sysroot/usr/include -I/home/openharmony/SummerTTS/./eigen-3.4.0 -I/home/openharmony/SummerTTS/./src/tn/header -I/home/openharmony/SummerTTS/./include -I/home/openharmony/SummerTTS/./src/header -I/home/oh_rv/third_party/libunwind/include  -O3 -std=c++11  -v   -o CMakeFiles/tts_test.dir/src/nn_op/nn_conv1d_transposed.cpp.o -c /home/openharmony/SummerTTS/src/nn_op/nn_conv1d_transposed.cpp
[ 50%] Building CXX object CMakeFiles/tts_test.dir/src/nn_op/nn_leaky_relu.cpp.o
/home/openharmony/toolchain/riscv/bin/riscv64-unknown-linux-musl-g++ --sysroot=/home/openharmony/toolchain/riscv/sysroot   -I/home/openharmony/toolchain/riscv/sysroot/usr/include -I/home/openharmony/SummerTTS/./eigen-3.4.0 -I/home/openharmony/SummerTTS/./src/tn/header -I/home/openharmony/SummerTTS/./include -I/home/openharmony/SummerTTS/./src/header -I/home/oh_rv/third_party/libunwind/include  -O3 -std=c++11  -v   -o CMakeFiles/tts_test.dir/src/nn_op/nn_leaky_relu.cpp.o -c /home/openharmony/SummerTTS/src/nn_op/nn_leaky_relu.cpp
[ 51%] Building CXX object CMakeFiles/tts_test.dir/src/platform/tts_file_io.cpp.o
/home/openharmony/toolchain/riscv/bin/riscv64-unknown-linux-musl-g++ --sysroot=/home/openharmony/toolchain/riscv/sysroot   -I/home/openharmony/toolchain/riscv/sysroot/usr/include -I/home/openharmony/SummerTTS/./eigen-3.4.0 -I/home/openharmony/SummerTTS/./src/tn/header -I/home/openharmony/SummerTTS/./include -I/home/openharmony/SummerTTS/./src/header -I/home/oh_rv/third_party/libunwind/include  -O3 -std=c++11  -v   -o CMakeFiles/tts_test.dir/src/platform/tts_file_io.cpp.o -c /home/openharmony/SummerTTS/src/platform/tts_file_io.cpp
[ 52%] Building CXX object CMakeFiles/tts_test.dir/src/platform/tts_logger.cpp.o
/home/openharmony/toolchain/riscv/bin/riscv64-unknown-linux-musl-g++ --sysroot=/home/openharmony/toolchain/riscv/sysroot   -I/home/openharmony/toolchain/riscv/sysroot/usr/include -I/home/openharmony/SummerTTS/./eigen-3.4.0 -I/home/openharmony/SummerTTS/./src/tn/header -I/home/openharmony/SummerTTS/./include -I/home/openharmony/SummerTTS/./src/header -I/home/oh_rv/third_party/libunwind/include  -O3 -std=c++11  -v   -o CMakeFiles/tts_test.dir/src/platform/tts_logger.cpp.o -c /home/openharmony/SummerTTS/src/platform/tts_logger.cpp
[ 54%] Building CXX object CMakeFiles/tts_test.dir/src/utils/utils.cpp.o
/home/openharmony/toolchain/riscv/bin/riscv64-unknown-linux-musl-g++ --sysroot=/home/openharmony/toolchain/riscv/sysroot   -I/home/openharmony/toolchain/riscv/sysroot/usr/include -I/home/openharmony/SummerTTS/./eigen-3.4.0 -I/home/openharmony/SummerTTS/./src/tn/header -I/home/openharmony/SummerTTS/./include -I/home/openharmony/SummerTTS/./src/header -I/home/oh_rv/third_party/libunwind/include  -O3 -std=c++11  -v   -o CMakeFiles/tts_test.dir/src/utils/utils.cpp.o -c /home/openharmony/SummerTTS/src/utils/utils.cpp
[ 55%] Building CXX object CMakeFiles/tts_test.dir/src/modules/iStft.cpp.o
/home/openharmony/toolchain/riscv/bin/riscv64-unknown-linux-musl-g++ --sysroot=/home/openharmony/toolchain/riscv/sysroot   -I/home/openharmony/toolchain/riscv/sysroot/usr/include -I/home/openharmony/SummerTTS/./eigen-3.4.0 -I/home/openharmony/SummerTTS/./src/tn/header -I/home/openharmony/SummerTTS/./include -I/home/openharmony/SummerTTS/./src/header -I/home/oh_rv/third_party/libunwind/include  -O3 -std=c++11  -v   -o CMakeFiles/tts_test.dir/src/modules/iStft.cpp.o -c /home/openharmony/SummerTTS/src/modules/iStft.cpp
[ 56%] Building CXX object CMakeFiles/tts_test.dir/src/modules/hann.cpp.o
/home/openharmony/toolchain/riscv/bin/riscv64-unknown-linux-musl-g++ --sysroot=/home/openharmony/toolchain/riscv/sysroot   -I/home/openharmony/toolchain/riscv/sysroot/usr/include -I/home/openharmony/SummerTTS/./eigen-3.4.0 -I/home/openharmony/SummerTTS/./src/tn/header -I/home/openharmony/SummerTTS/./include -I/home/openharmony/SummerTTS/./src/header -I/home/oh_rv/third_party/libunwind/include  -O3 -std=c++11  -v   -o CMakeFiles/tts_test.dir/src/modules/hann.cpp.o -c /home/openharmony/SummerTTS/src/modules/hann.cpp
[ 58%] Building CXX object CMakeFiles/tts_test.dir/src/modules/attention_encoder.cpp.o
/home/openharmony/toolchain/riscv/bin/riscv64-unknown-linux-musl-g++ --sysroot=/home/openharmony/toolchain/riscv/sysroot   -I/home/openharmony/toolchain/riscv/sysroot/usr/include -I/home/openharmony/SummerTTS/./eigen-3.4.0 -I/home/openharmony/SummerTTS/./src/tn/header -I/home/openharmony/SummerTTS/./include -I/home/openharmony/SummerTTS/./src/header -I/home/oh_rv/third_party/libunwind/include  -O3 -std=c++11  -v   -o CMakeFiles/tts_test.dir/src/modules/attention_encoder.cpp.o -c /home/openharmony/SummerTTS/src/modules/attention_encoder.cpp
[ 59%] Building CXX object CMakeFiles/tts_test.dir/src/modules/multi_head_attention.cpp.o
/home/openharmony/toolchain/riscv/bin/riscv64-unknown-linux-musl-g++ --sysroot=/home/openharmony/toolchain/riscv/sysroot   -I/home/openharmony/toolchain/riscv/sysroot/usr/include -I/home/openharmony/SummerTTS/./eigen-3.4.0 -I/home/openharmony/SummerTTS/./src/tn/header -I/home/openharmony/SummerTTS/./include -I/home/openharmony/SummerTTS/./src/header -I/home/oh_rv/third_party/libunwind/include  -O3 -std=c++11  -v   -o CMakeFiles/tts_test.dir/src/modules/multi_head_attention.cpp.o -c /home/openharmony/SummerTTS/src/modules/multi_head_attention.cpp
[ 61%] Building CXX object CMakeFiles/tts_test.dir/src/modules/ffn.cpp.o
/home/openharmony/toolchain/riscv/bin/riscv64-unknown-linux-musl-g++ --sysroot=/home/openharmony/toolchain/riscv/sysroot   -I/home/openharmony/toolchain/riscv/sysroot/usr/include -I/home/openharmony/SummerTTS/./eigen-3.4.0 -I/home/openharmony/SummerTTS/./src/tn/header -I/home/openharmony/SummerTTS/./include -I/home/openharmony/SummerTTS/./src/header -I/home/oh_rv/third_party/libunwind/include  -O3 -std=c++11  -v   -o CMakeFiles/tts_test.dir/src/modules/ffn.cpp.o -c /home/openharmony/SummerTTS/src/modules/ffn.cpp
[ 62%] Building CXX object CMakeFiles/tts_test.dir/src/modules/ConvFlow.cpp.o
/home/openharmony/toolchain/riscv/bin/riscv64-unknown-linux-musl-g++ --sysroot=/home/openharmony/toolchain/riscv/sysroot   -I/home/openharmony/toolchain/riscv/sysroot/usr/include -I/home/openharmony/SummerTTS/./eigen-3.4.0 -I/home/openharmony/SummerTTS/./src/tn/header -I/home/openharmony/SummerTTS/./include -I/home/openharmony/SummerTTS/./src/header -I/home/oh_rv/third_party/libunwind/include  -O3 -std=c++11  -v   -o CMakeFiles/tts_test.dir/src/modules/ConvFlow.cpp.o -c /home/openharmony/SummerTTS/src/modules/ConvFlow.cpp
[ 63%] Building CXX object CMakeFiles/tts_test.dir/src/modules/DDSConv.cpp.o
/home/openharmony/toolchain/riscv/bin/riscv64-unknown-linux-musl-g++ --sysroot=/home/openharmony/toolchain/riscv/sysroot   -I/home/openharmony/toolchain/riscv/sysroot/usr/include -I/home/openharmony/SummerTTS/./eigen-3.4.0 -I/home/openharmony/SummerTTS/./src/tn/header -I/home/openharmony/SummerTTS/./include -I/home/openharmony/SummerTTS/./src/header -I/home/oh_rv/third_party/libunwind/include  -O3 -std=c++11  -v   -o CMakeFiles/tts_test.dir/src/modules/DDSConv.cpp.o -c /home/openharmony/SummerTTS/src/modules/DDSConv.cpp
[ 65%] Building CXX object CMakeFiles/tts_test.dir/src/modules/ElementwiseAffine.cpp.o
/home/openharmony/toolchain/riscv/bin/riscv64-unknown-linux-musl-g++ --sysroot=/home/openharmony/toolchain/riscv/sysroot   -I/home/openharmony/toolchain/riscv/sysroot/usr/include -I/home/openharmony/SummerTTS/./eigen-3.4.0 -I/home/openharmony/SummerTTS/./src/tn/header -I/home/openharmony/SummerTTS/./include -I/home/openharmony/SummerTTS/./src/header -I/home/oh_rv/third_party/libunwind/include  -O3 -std=c++11  -v   -o CMakeFiles/tts_test.dir/src/modules/ElementwiseAffine.cpp.o -c /home/openharmony/SummerTTS/src/modules/ElementwiseAffine.cpp
[ 66%] Building CXX object CMakeFiles/tts_test.dir/src/modules/random_gen.cpp.o
/home/openharmony/toolchain/riscv/bin/riscv64-unknown-linux-musl-g++ --sysroot=/home/openharmony/toolchain/riscv/sysroot   -I/home/openharmony/toolchain/riscv/sysroot/usr/include -I/home/openharmony/SummerTTS/./eigen-3.4.0 -I/home/openharmony/SummerTTS/./src/tn/header -I/home/openharmony/SummerTTS/./include -I/home/openharmony/SummerTTS/./src/header -I/home/oh_rv/third_party/libunwind/include  -O3 -std=c++11  -v   -o CMakeFiles/tts_test.dir/src/modules/random_gen.cpp.o -c /home/openharmony/SummerTTS/src/modules/random_gen.cpp
[ 68%] Building CXX object CMakeFiles/tts_test.dir/src/modules/ResidualCouplingLayer.cpp.o
/home/openharmony/toolchain/riscv/bin/riscv64-unknown-linux-musl-g++ --sysroot=/home/openharmony/toolchain/riscv/sysroot   -I/home/openharmony/toolchain/riscv/sysroot/usr/include -I/home/openharmony/SummerTTS/./eigen-3.4.0 -I/home/openharmony/SummerTTS/./src/tn/header -I/home/openharmony/SummerTTS/./include -I/home/openharmony/SummerTTS/./src/header -I/home/oh_rv/third_party/libunwind/include  -O3 -std=c++11  -v   -o CMakeFiles/tts_test.dir/src/modules/ResidualCouplingLayer.cpp.o -c /home/openharmony/SummerTTS/src/modules/ResidualCouplingLayer.cpp
[ 69%] Building CXX object CMakeFiles/tts_test.dir/src/modules/ResBlock1.cpp.o
/home/openharmony/toolchain/riscv/bin/riscv64-unknown-linux-musl-g++ --sysroot=/home/openharmony/toolchain/riscv/sysroot   -I/home/openharmony/toolchain/riscv/sysroot/usr/include -I/home/openharmony/SummerTTS/./eigen-3.4.0 -I/home/openharmony/SummerTTS/./src/tn/header -I/home/openharmony/SummerTTS/./include -I/home/openharmony/SummerTTS/./src/header -I/home/oh_rv/third_party/libunwind/include  -O3 -std=c++11  -v   -o CMakeFiles/tts_test.dir/src/modules/ResBlock1.cpp.o -c /home/openharmony/SummerTTS/src/modules/ResBlock1.cpp
[ 70%] Building CXX object CMakeFiles/tts_test.dir/src/modules/WN.cpp.o
/home/openharmony/toolchain/riscv/bin/riscv64-unknown-linux-musl-g++ --sysroot=/home/openharmony/toolchain/riscv/sysroot   -I/home/openharmony/toolchain/riscv/sysroot/usr/include -I/home/openharmony/SummerTTS/./eigen-3.4.0 -I/home/openharmony/SummerTTS/./src/tn/header -I/home/openharmony/SummerTTS/./include -I/home/openharmony/SummerTTS/./src/header -I/home/oh_rv/third_party/libunwind/include  -O3 -std=c++11  -v   -o CMakeFiles/tts_test.dir/src/modules/WN.cpp.o -c /home/openharmony/SummerTTS/src/modules/WN.cpp
[ 72%] Building CXX object CMakeFiles/tts_test.dir/src/modules/pqmf.cpp.o
/home/openharmony/toolchain/riscv/bin/riscv64-unknown-linux-musl-g++ --sysroot=/home/openharmony/toolchain/riscv/sysroot   -I/home/openharmony/toolchain/riscv/sysroot/usr/include -I/home/openharmony/SummerTTS/./eigen-3.4.0 -I/home/openharmony/SummerTTS/./src/tn/header -I/home/openharmony/SummerTTS/./include -I/home/openharmony/SummerTTS/./src/header -I/home/oh_rv/third_party/libunwind/include  -O3 -std=c++11  -v   -o CMakeFiles/tts_test.dir/src/modules/pqmf.cpp.o -c /home/openharmony/SummerTTS/src/modules/pqmf.cpp
[ 73%] Building CXX object CMakeFiles/tts_test.dir/src/models/TextEncoder.cpp.o
/home/openharmony/toolchain/riscv/bin/riscv64-unknown-linux-musl-g++ --sysroot=/home/openharmony/toolchain/riscv/sysroot   -I/home/openharmony/toolchain/riscv/sysroot/usr/include -I/home/openharmony/SummerTTS/./eigen-3.4.0 -I/home/openharmony/SummerTTS/./src/tn/header -I/home/openharmony/SummerTTS/./include -I/home/openharmony/SummerTTS/./src/header -I/home/oh_rv/third_party/libunwind/include  -O3 -std=c++11  -v   -o CMakeFiles/tts_test.dir/src/models/TextEncoder.cpp.o -c /home/openharmony/SummerTTS/src/models/TextEncoder.cpp
[ 75%] Building CXX object CMakeFiles/tts_test.dir/src/models/StochasticDurationPredictor.cpp.o
/home/openharmony/toolchain/riscv/bin/riscv64-unknown-linux-musl-g++ --sysroot=/home/openharmony/toolchain/riscv/sysroot   -I/home/openharmony/toolchain/riscv/sysroot/usr/include -I/home/openharmony/SummerTTS/./eigen-3.4.0 -I/home/openharmony/SummerTTS/./src/tn/header -I/home/openharmony/SummerTTS/./include -I/home/openharmony/SummerTTS/./src/header -I/home/oh_rv/third_party/libunwind/include  -O3 -std=c++11  -v   -o CMakeFiles/tts_test.dir/src/models/StochasticDurationPredictor.cpp.o -c /home/openharmony/SummerTTS/src/models/StochasticDurationPredictor.cpp
[ 76%] Building CXX object CMakeFiles/tts_test.dir/src/models/FixDurationPredictor.cpp.o
/home/openharmony/toolchain/riscv/bin/riscv64-unknown-linux-musl-g++ --sysroot=/home/openharmony/toolchain/riscv/sysroot   -I/home/openharmony/toolchain/riscv/sysroot/usr/include -I/home/openharmony/SummerTTS/./eigen-3.4.0 -I/home/openharmony/SummerTTS/./src/tn/header -I/home/openharmony/SummerTTS/./include -I/home/openharmony/SummerTTS/./src/header -I/home/oh_rv/third_party/libunwind/include  -O3 -std=c++11  -v   -o CMakeFiles/tts_test.dir/src/models/FixDurationPredictor.cpp.o -c /home/openharmony/SummerTTS/src/models/FixDurationPredictor.cpp
[ 77%] Building CXX object CMakeFiles/tts_test.dir/src/models/DurationPredictor_base.cpp.o
/home/openharmony/toolchain/riscv/bin/riscv64-unknown-linux-musl-g++ --sysroot=/home/openharmony/toolchain/riscv/sysroot   -I/home/openharmony/toolchain/riscv/sysroot/usr/include -I/home/openharmony/SummerTTS/./eigen-3.4.0 -I/home/openharmony/SummerTTS/./src/tn/header -I/home/openharmony/SummerTTS/./include -I/home/openharmony/SummerTTS/./src/header -I/home/oh_rv/third_party/libunwind/include  -O3 -std=c++11  -v   -o CMakeFiles/tts_test.dir/src/models/DurationPredictor_base.cpp.o -c /home/openharmony/SummerTTS/src/models/DurationPredictor_base.cpp
[ 79%] Building CXX object CMakeFiles/tts_test.dir/src/models/ResidualCouplingBlock.cpp.o
/home/openharmony/toolchain/riscv/bin/riscv64-unknown-linux-musl-g++ --sysroot=/home/openharmony/toolchain/riscv/sysroot   -I/home/openharmony/toolchain/riscv/sysroot/usr/include -I/home/openharmony/SummerTTS/./eigen-3.4.0 -I/home/openharmony/SummerTTS/./src/tn/header -I/home/openharmony/SummerTTS/./include -I/home/openharmony/SummerTTS/./src/header -I/home/oh_rv/third_party/libunwind/include  -O3 -std=c++11  -v   -o CMakeFiles/tts_test.dir/src/models/ResidualCouplingBlock.cpp.o -c /home/openharmony/SummerTTS/src/models/ResidualCouplingBlock.cpp
[ 80%] Building CXX object CMakeFiles/tts_test.dir/src/models/Generator_base.cpp.o
/home/openharmony/toolchain/riscv/bin/riscv64-unknown-linux-musl-g++ --sysroot=/home/openharmony/toolchain/riscv/sysroot   -I/home/openharmony/toolchain/riscv/sysroot/usr/include -I/home/openharmony/SummerTTS/./eigen-3.4.0 -I/home/openharmony/SummerTTS/./src/tn/header -I/home/openharmony/SummerTTS/./include -I/home/openharmony/SummerTTS/./src/header -I/home/oh_rv/third_party/libunwind/include  -O3 -std=c++11  -v   -o CMakeFiles/tts_test.dir/src/models/Generator_base.cpp.o -c /home/openharmony/SummerTTS/src/models/Generator_base.cpp
[ 81%] Building CXX object CMakeFiles/tts_test.dir/src/models/Generator_hifigan.cpp.o
/home/openharmony/toolchain/riscv/bin/riscv64-unknown-linux-musl-g++ --sysroot=/home/openharmony/toolchain/riscv/sysroot   -I/home/openharmony/toolchain/riscv/sysroot/usr/include -I/home/openharmony/SummerTTS/./eigen-3.4.0 -I/home/openharmony/SummerTTS/./src/tn/header -I/home/openharmony/SummerTTS/./include -I/home/openharmony/SummerTTS/./src/header -I/home/oh_rv/third_party/libunwind/include  -O3 -std=c++11  -v   -o CMakeFiles/tts_test.dir/src/models/Generator_hifigan.cpp.o -c /home/openharmony/SummerTTS/src/models/Generator_hifigan.cpp
[ 83%] Building CXX object CMakeFiles/tts_test.dir/src/models/Generator_MS.cpp.o
/home/openharmony/toolchain/riscv/bin/riscv64-unknown-linux-musl-g++ --sysroot=/home/openharmony/toolchain/riscv/sysroot   -I/home/openharmony/toolchain/riscv/sysroot/usr/include -I/home/openharmony/SummerTTS/./eigen-3.4.0 -I/home/openharmony/SummerTTS/./src/tn/header -I/home/openharmony/SummerTTS/./include -I/home/openharmony/SummerTTS/./src/header -I/home/oh_rv/third_party/libunwind/include  -O3 -std=c++11  -v   -o CMakeFiles/tts_test.dir/src/models/Generator_MS.cpp.o -c /home/openharmony/SummerTTS/src/models/Generator_MS.cpp
[ 84%] Building CXX object CMakeFiles/tts_test.dir/src/models/Generator_Istft.cpp.o
/home/openharmony/toolchain/riscv/bin/riscv64-unknown-linux-musl-g++ --sysroot=/home/openharmony/toolchain/riscv/sysroot   -I/home/openharmony/toolchain/riscv/sysroot/usr/include -I/home/openharmony/SummerTTS/./eigen-3.4.0 -I/home/openharmony/SummerTTS/./src/tn/header -I/home/openharmony/SummerTTS/./include -I/home/openharmony/SummerTTS/./src/header -I/home/oh_rv/third_party/libunwind/include  -O3 -std=c++11  -v   -o CMakeFiles/tts_test.dir/src/models/Generator_Istft.cpp.o -c /home/openharmony/SummerTTS/src/models/Generator_Istft.cpp
[ 86%] Building CXX object CMakeFiles/tts_test.dir/src/models/Generator_MBB.cpp.o
/home/openharmony/toolchain/riscv/bin/riscv64-unknown-linux-musl-g++ --sysroot=/home/openharmony/toolchain/riscv/sysroot   -I/home/openharmony/toolchain/riscv/sysroot/usr/include -I/home/openharmony/SummerTTS/./eigen-3.4.0 -I/home/openharmony/SummerTTS/./src/tn/header -I/home/openharmony/SummerTTS/./include -I/home/openharmony/SummerTTS/./src/header -I/home/oh_rv/third_party/libunwind/include  -O3 -std=c++11  -v   -o CMakeFiles/tts_test.dir/src/models/Generator_MBB.cpp.o -c /home/openharmony/SummerTTS/src/models/Generator_MBB.cpp
[ 87%] Building CXX object CMakeFiles/tts_test.dir/src/models/SynthesizerTrn.cpp.o
/home/openharmony/toolchain/riscv/bin/riscv64-unknown-linux-musl-g++ --sysroot=/home/openharmony/toolchain/riscv/sysroot   -I/home/openharmony/toolchain/riscv/sysroot/usr/include -I/home/openharmony/SummerTTS/./eigen-3.4.0 -I/home/openharmony/SummerTTS/./src/tn/header -I/home/openharmony/SummerTTS/./include -I/home/openharmony/SummerTTS/./src/header -I/home/oh_rv/third_party/libunwind/include  -O3 -std=c++11  -v   -o CMakeFiles/tts_test.dir/src/models/SynthesizerTrn.cpp.o -c /home/openharmony/SummerTTS/src/models/SynthesizerTrn.cpp
[ 88%] Linking CXX executable tts_test
/usr/bin/cmake -E cmake_link_script CMakeFiles/tts_test.dir/link.txt --verbose=1
/home/openharmony/toolchain/riscv/bin/riscv64-unknown-linux-musl-g++ --sysroot=/home/openharmony/toolchain/riscv/sysroot   -O3 -std=c++11  -v  --sysroot=/home/openharmony/toolchain/riscv/sysroot CMakeFiles/tts_test.dir/test/main.cpp.o CMakeFiles/tts_test.dir/src/tn/glog/src/demangle.cc.o CMakeFiles/tts_test.dir/src/tn/glog/src/logging.cc.o CMakeFiles/tts_test.dir/src/tn/glog/src/raw_logging.cc.o CMakeFiles/tts_test.dir/src/tn/glog/src/symbolize.cc.o CMakeFiles/tts_test.dir/src/tn/glog/src/utilities.cc.o CMakeFiles/tts_test.dir/src/tn/glog/src/vlog_is_on.cc.o CMakeFiles/tts_test.dir/src/tn/glog/src/signalhandler.cc.o CMakeFiles/tts_test.dir/src/tn/gflags/src/gflags.cc.o CMakeFiles/tts_test.dir/src/tn/gflags/src/gflags_reporting.cc.o CMakeFiles/tts_test.dir/src/tn/gflags/src/gflags_completions.cc.o CMakeFiles/tts_test.dir/src/tn/openfst/src/lib/compat.cc.o CMakeFiles/tts_test.dir/src/tn/openfst/src/lib/flags.cc.o CMakeFiles/tts_test.dir/src/tn/openfst/src/lib/fst.cc.o CMakeFiles/tts_test.dir/src/tn/openfst/src/lib/fst-types.cc.o CMakeFiles/tts_test.dir/src/tn/openfst/src/lib/mapped-file.cc.o CMakeFiles/tts_test.dir/src/tn/openfst/src/lib/properties.cc.o CMakeFiles/tts_test.dir/src/tn/openfst/src/lib/symbol-table.cc.o CMakeFiles/tts_test.dir/src/tn/openfst/src/lib/symbol-table-ops.cc.o CMakeFiles/tts_test.dir/src/tn/openfst/src/lib/util.cc.o CMakeFiles/tts_test.dir/src/tn/openfst/src/lib/weight.cc.o CMakeFiles/tts_test.dir/src/tn/processor.cc.o CMakeFiles/tts_test.dir/src/tn/token_parser.cc.o CMakeFiles/tts_test.dir/src/tn/utf8_string.cc.o CMakeFiles/tts_test.dir/src/engipa/EnglishText2Id.cpp.o CMakeFiles/tts_test.dir/src/engipa/InitIPASymbols.cpp.o CMakeFiles/tts_test.dir/src/engipa/alphabet.cpp.o CMakeFiles/tts_test.dir/src/engipa/ipa.cpp.o CMakeFiles/tts_test.dir/src/hz2py/hanzi2phoneid.cpp.o CMakeFiles/tts_test.dir/src/hz2py/Hanz2Piny.cpp.o CMakeFiles/tts_test.dir/src/hz2py/pinyinmap.cpp.o CMakeFiles/tts_test.dir/src/nn_op/nn_conv1d.cpp.o CMakeFiles/tts_test.dir/src/nn_op/nn_softmax.cpp.o CMakeFiles/tts_test.dir/src/nn_op/nn_layer_norm.cpp.o CMakeFiles/tts_test.dir/src/nn_op/nn_relu.cpp.o CMakeFiles/tts_test.dir/src/nn_op/nn_gelu.cpp.o CMakeFiles/tts_test.dir/src/nn_op/nn_tanh.cpp.o CMakeFiles/tts_test.dir/src/nn_op/nn_flip.cpp.o CMakeFiles/tts_test.dir/src/nn_op/nn_cumsum.cpp.o CMakeFiles/tts_test.dir/src/nn_op/nn_softplus.cpp.o CMakeFiles/tts_test.dir/src/nn_op/nn_clamp_min.cpp.o CMakeFiles/tts_test.dir/src/nn_op/nn_sigmoid.cpp.o CMakeFiles/tts_test.dir/src/nn_op/nn_conv1d_transposed.cpp.o CMakeFiles/tts_test.dir/src/nn_op/nn_leaky_relu.cpp.o CMakeFiles/tts_test.dir/src/platform/tts_file_io.cpp.o CMakeFiles/tts_test.dir/src/platform/tts_logger.cpp.o CMakeFiles/tts_test.dir/src/utils/utils.cpp.o CMakeFiles/tts_test.dir/src/modules/iStft.cpp.o CMakeFiles/tts_test.dir/src/modules/hann.cpp.o CMakeFiles/tts_test.dir/src/modules/attention_encoder.cpp.o CMakeFiles/tts_test.dir/src/modules/multi_head_attention.cpp.o CMakeFiles/tts_test.dir/src/modules/ffn.cpp.o CMakeFiles/tts_test.dir/src/modules/ConvFlow.cpp.o CMakeFiles/tts_test.dir/src/modules/DDSConv.cpp.o CMakeFiles/tts_test.dir/src/modules/ElementwiseAffine.cpp.o CMakeFiles/tts_test.dir/src/modules/random_gen.cpp.o CMakeFiles/tts_test.dir/src/modules/ResidualCouplingLayer.cpp.o CMakeFiles/tts_test.dir/src/modules/ResBlock1.cpp.o CMakeFiles/tts_test.dir/src/modules/WN.cpp.o CMakeFiles/tts_test.dir/src/modules/pqmf.cpp.o CMakeFiles/tts_test.dir/src/models/TextEncoder.cpp.o CMakeFiles/tts_test.dir/src/models/StochasticDurationPredictor.cpp.o CMakeFiles/tts_test.dir/src/models/FixDurationPredictor.cpp.o CMakeFiles/tts_test.dir/src/models/DurationPredictor_base.cpp.o CMakeFiles/tts_test.dir/src/models/ResidualCouplingBlock.cpp.o CMakeFiles/tts_test.dir/src/models/Generator_base.cpp.o CMakeFiles/tts_test.dir/src/models/Generator_hifigan.cpp.o CMakeFiles/tts_test.dir/src/models/Generator_MS.cpp.o CMakeFiles/tts_test.dir/src/models/Generator_Istft.cpp.o CMakeFiles/tts_test.dir/src/models/Generator_MBB.cpp.o CMakeFiles/tts_test.dir/src/models/SynthesizerTrn.cpp.o  -o tts_test  -Wl,-rpath,/home/openharmony/SummerTTS/my_lib ../my_lib/libunwind.z.so 
make[2]: Leaving directory '/home/openharmony/SummerTTS/build'
[100%] Built target tts_test
make[1]: Leaving directory '/home/openharmony/SummerTTS/build'
/usr/bin/cmake -E cmake_progress_start /home/openharmony/SummerTTS/build/CMakeFiles 0
